0 info it worked if it ends with ok
1 verbose cli [ 'D:\\Program Files\\nodejs\\node.exe',
1 verbose cli   'D:\\Program Files\\nodejs\\node_modules\\npm\\bin\\npm-cli.js',
1 verbose cli   'run',
1 verbose cli   'test' ]
2 info using npm@3.10.9
3 info using node@v6.9.2
4 verbose run-script [ 'pretest', 'test', 'posttest' ]
5 info lifecycle grove@0.0.0~pretest: grove@0.0.0
6 silly lifecycle grove@0.0.0~pretest: no script for pretest, continuing
7 info lifecycle grove@0.0.0~test: grove@0.0.0
8 verbose lifecycle grove@0.0.0~test: unsafe-perm in lifecycle true
9 verbose lifecycle grove@0.0.0~test: PATH: D:\Program Files\nodejs\node_modules\npm\bin\node-gyp-bin;D:\ISO\remotespace\grove\node_modules\.bin;C:\Users\xiao\AppData\Local\GitHub\PortableGit_d7effa1a4a322478cd29c826b52a0c118ad3db11\cmd;C:\Users\xiao\AppData\Local\GitHub\PortableGit_d7effa1a4a322478cd29c826b52a0c118ad3db11\usr\bin;C:\Users\xiao\AppData\Local\GitHub\PortableGit_d7effa1a4a322478cd29c826b52a0c118ad3db11\usr\share\git-tfs;C:\Users\xiao\AppData\Local\Apps\2.0\M2MOOGYX.KJM\BBQJ43P8.39J\gith..tion_317444273a93ac29_0003.0003_665ccbdbd3c2d8d4;C:\Users\xiao\AppData\Local\GitHub\lfs-amd64_1.3.1;C:\Program Files (x86)\Intel\iCLS Client\;C:\Program Files\Intel\iCLS Client\;C:\Windows\system32;C:\Windows;C:\Windows\System32\Wbem;C:\Windows\System32\WindowsPowerShell\v1.0\;C:\Program Files (x86)\Intel\Intel(R) Management Engine Components\DAL;C:\Program Files\Intel\Intel(R) Management Engine Components\DAL;C:\Program Files (x86)\Intel\Intel(R) Management Engine Components\IPT;C:\Program Files\Intel\Intel(R) Management Engine Components\IPT;C:\Program Files\Intel\WiFi\bin\;C:\Program Files\Common Files\Intel\WirelessCommon\;C:\Program Files (x86)\NVIDIA Corporation\PhysX\Common;D:\Program Files\nodejs\;%SystemRoot%\system32;%SystemRoot%;%SystemRoot%\System32\Wbem;%SYSTEMROOT%\System32\WindowsPowerShell\v1.0\;C:\Users\xiao\AppData\Local\Microsoft\WindowsApps;C:\Users\xiao\AppData\Local\atom\bin;C:\Users\xiao\AppData\Roaming\npm;%USERPROFILE%\AppData\Local\Microsoft\WindowsApps;;C:\Windows\Microsoft.NET\Framework\v4.0.30319\
10 verbose lifecycle grove@0.0.0~test: CWD: D:\ISO\remotespace\grove
11 silly lifecycle grove@0.0.0~test: Args: [ '/d /s /c',
11 silly lifecycle   'mocha "srcTest/**/*.test.js" --compilers js:babel-register --require ignore-styles' ]
12 silly lifecycle grove@0.0.0~test: Returned: code: 1  signal: null
13 info lifecycle grove@0.0.0~test: Failed to exec test script
14 verbose stack Error: grove@0.0.0 test: `mocha "srcTest/**/*.test.js" --compilers js:babel-register --require ignore-styles`
14 verbose stack Exit status 1
14 verbose stack     at EventEmitter.<anonymous> (D:\Program Files\nodejs\node_modules\npm\lib\utils\lifecycle.js:255:16)
14 verbose stack     at emitTwo (events.js:106:13)
14 verbose stack     at EventEmitter.emit (events.js:191:7)
14 verbose stack     at ChildProcess.<anonymous> (D:\Program Files\nodejs\node_modules\npm\lib\utils\spawn.js:40:14)
14 verbose stack     at emitTwo (events.js:106:13)
14 verbose stack     at ChildProcess.emit (events.js:191:7)
14 verbose stack     at maybeClose (internal/child_process.js:877:16)
14 verbose stack     at Process.ChildProcess._handle.onexit (internal/child_process.js:226:5)
15 verbose pkgid grove@0.0.0
16 verbose cwd D:\ISO\remotespace\grove
17 error Windows_NT 10.0.15063
18 error argv "D:\\Program Files\\nodejs\\node.exe" "D:\\Program Files\\nodejs\\node_modules\\npm\\bin\\npm-cli.js" "run" "test"
19 error node v6.9.2
20 error npm  v3.10.9
21 error code ELIFECYCLE
22 error grove@0.0.0 test: `mocha "srcTest/**/*.test.js" --compilers js:babel-register --require ignore-styles`
22 error Exit status 1
23 error Failed at the grove@0.0.0 test script 'mocha "srcTest/**/*.test.js" --compilers js:babel-register --require ignore-styles'.
23 error Make sure you have the latest version of node.js and npm installed.
23 error If you do, this is most likely a problem with the grove package,
23 error not with npm itself.
23 error Tell the author that this fails on your system:
23 error     mocha "srcTest/**/*.test.js" --compilers js:babel-register --require ignore-styles
23 error You can get information on how to open an issue for this project with:
23 error     npm bugs grove
23 error Or if that isn't available, you can get their info via:
23 error     npm owner ls grove
23 error There is likely additional logging output above.
24 verbose exit [ 1, true ]
